<?xml version="1.0" encoding="utf-8"?>
<feed xmlns="http://www.w3.org/2005/Atom"><title>DEEP Open Catalog - test modules</title><link href="/" rel="alternate"></link><link href="/feeds/test-modules.atom.xml" rel="self"></link><id>/</id><updated>2018-07-03T10:20:00+02:00</updated><entry><title>DEEP Generic Container</title><link href="/deep-generic-container.html" rel="alternate"></link><published>2018-07-03T10:20:00+02:00</published><updated>2018-07-03T10:20:00+02:00</updated><author><name>DEEP-Hybrid-DataCloud Consortium</name></author><id>tag:None,2018-07-03:/deep-generic-container.html</id><summary type="html">&lt;p&gt;A generic container that can serve as an example project,
without real functionality&lt;/p&gt;</summary><content type="html">&lt;p&gt;The DEEP-OC-generic-container model provides no functionality, as it is rather
a boilerplate repository that can serve as an example.&lt;/p&gt;
&lt;p&gt;It provides a Dockerfile template allowing to run several DEEP applications in
the same Docker container.&lt;/p&gt;</content></entry></feed>